2020-11-08 20:22:23 FBI-Mailer#7197 online!
2020-11-08 20:22:48 Greenpilot#0001 generated a password
2020-11-08 20:22:52 Greenpilot#0001 generated a password
2020-11-08 20:23:16 FBI-Mailer#7197 online!
2020-11-08 20:23:23 Greenpilot#0001 generated a password
2020-11-08 20:23:27 Greenpilot#0001 generated a password
2020-11-08 20:26:58 FBI-Mailer#7197 online!
2020-11-08 20:27:02 Greenpilot#0001 generated a password
2020-11-08 20:27:08 Greenpilot#0001 generated a password
2020-11-08 20:27:13 Greenpilot#0001 generated a password
2020-11-08 20:27:31 FBI-Mailer#7197 online!
2020-11-08 20:27:34 Greenpilot#0001 generated a password
2020-11-08 20:27:38 Greenpilot#0001 generated a password
2020-11-08 20:27:51 Greenpilot#0001 generated a password
2020-11-08 20:27:59 Greenpilot#0001 generated a password
2020-11-08 20:28:43 FBI-Mailer#7197 online!
2020-11-08 20:28:46 Greenpilot#0001 generated a password
2020-11-08 20:28:58 Greenpilot#0001 generated a password
2020-11-08 20:29:42 FBI-Mailer#7197 online!
2020-11-08 20:30:06 FBI-Mailer#7197 online!
2020-11-08 20:30:17 Greenpilot#0001 generated a password
2020-11-08 20:30:21 Greenpilot#0001 generated a password
2020-11-08 20:31:01 FBI-Mailer#7197 online!
2020-11-08 20:31:04 Greenpilot#0001 generated a password
2020-11-08 20:31:08 Greenpilot#0001 generated a password
2020-11-08 20:31:49 FBI-Mailer#7197 online!
2020-11-08 20:34:58 FBI-Mailer#7197 online!
2020-11-08 20:35:03 Greenpilot#0001 generated a password
2020-11-08 20:35:13 Greenpilot#0001 generated a password
2020-11-08 20:35:28 FBI-Mailer#7197 online!
2020-11-08 20:35:34 Greenpilot#0001 generated a password
2020-11-08 20:35:38 Greenpilot#0001 generated a password
2020-11-08 20:36:14 Greenpilot#0001 generated a password
2020-11-08 20:37:08 FBI-Mailer#7197 online!
2020-11-08 20:37:13 Greenpilot#0001 generated a password
2020-11-08 20:37:18 Greenpilot#0001 generated a password
2020-11-08 20:37:36 FBI-Mailer#7197 online!
2020-11-08 20:37:37 Greenpilot#0001 generated a password
2020-11-08 20:37:40 Greenpilot#0001 generated a password
2020-11-08 20:37:50 Greenpilot#0001 generated a password
2020-11-08 20:39:45 FBI-Mailer#7197 online!
2020-11-08 20:47:27 FBI-Mailer#7197 online!
2020-11-08 20:48:28 FBI-Mailer#7197 online!
2020-11-08 20:48:34 Greenpilot#0001 Generated Password: SiG6mSC$vsva2LOTORrV0%MmN3Wipv
2020-11-08 20:48:36 Greenpilot#0001 Generated Password: yhhajYZ6BwmOauDkVAVJeSAZ$D3ot8
2020-11-08 20:48:37 Greenpilot#0001 Generated Password: Ip%gMNpRrrmW4*1SYyv0gEA15s!si5
2020-11-08 20:48:38 Greenpilot#0001 Generated Password: HQlatzny9Km8CD@%W!tL*3DJ&J2pkW
2020-11-08 20:48:39 Greenpilot#0001 Generated Password: ch%*4f*kuB^G^e&sWIbubw$YDdH88&
2020-11-08 20:51:38 Greenpilot#0001 Generated Password: fbAZhrc*xhMSLS67EPDal2ct644MRLpFmxfYz@1Bw!P%DZEHE@%grcgdb%s17lIMOx1ufLPZMf1!a7uVPwWcMEr4pyFH6cnrO5HdEvRyYJORQELctJR1o3nSslc6aRPFS8wrePjv$L@5OzLSF7psOg*90GMb2Vn&tcd*Av5FrYFHRNzPx27PIe97j^rmeog4e^1!r0G**$Ed8h&gVv*cJpRuw%!xPRZabbQC0fUPMP&LBLU1%FYvd7HmSrFCJww6CzATDd7ArRVuq8CiRzQRf578NjrJYszXf4AxPbHJg^$%X5Tlwy5heucH9$3W7D$Fe8ltw5O7UU8EhudfUO@vkUCOSCdOPO!*OAMSau4qqkcjtsvoXyJH14UcEH0fAq5pscwf^Q9TGuY@8%ekDiPTmLnIB2bH6iv33zSCoRAdGSR$nx2l!UwaYsJxT3QSXlDzxWLOTr@auseMTl&4RxjnGbEEo7P0QmmroMN0AHFtDkXNKJ&lzvB3Rulr19!x5dVz$SSTTRCDIDhJqSORZcbWP95dK7U@Nq1kqB$MB2s1hFJ*6MvD3q69TpNfNiAtzs0vALpP1nECaD&pP*we!Asm7roCnNKObJVtwR%t87EyU0j5uVahwcDv$cTByrd!QlHyYnohZZ8E4Yw@gvZ6YMZ!yCFcioRB3WL6pRoFbLzZ0WXbR6MO2SWFis8u%2@5^8iFrXTt0r4wtcD**cYby9W1SGN@Ygp7Jv9S0Avwb0bhHBMg7Qm3mWtkTRXfB@pVrD8pkOehBn%%ZdleXlwqWO**bQcpqh$jn033g@d@Kj&^uXktsrzG8fx*w^2$B6E92TJY5e^3cEITeCEe5TtM659ZiH0YiO@!Zn!lIz@VF7ZPHPppzng!h2kWWht!R&yrw1yqZCf@l44*l^U&XaWq^abXGJqNW8SK16ekdF%H7ytG29o2@JYE$JnI26hY^$0pPqfDMVd5PBizVPumnEJ2MT%ZNCZIpIt%WayOzyLM0zYHnW
